2024-12-02 21:05:12 - WARNING -  * Debugger is active!
2024-12-02 21:05:12 - INFO -  * Debugger PIN: 956-071-961
2024-12-02 21:12:47 - INFO -  * Detected change in '/home/bardend/PycharmProjects/Send/Flask/Try4/decorators.py', reloading
2024-12-02 21:12:47 - WARNING -  * Debugger is active!
2024-12-02 21:12:47 - INFO -  * Debugger PIN: 956-071-961
2024-12-02 21:14:50 - INFO -  * Detected change in '/home/bardend/PycharmProjects/Send/Flask/Try4/decorators.py', reloading
2024-12-02 21:18:34 - INFO - [31m[1mWARNING: This is a development server. Do not use it in a production deployment. Use a production WSGI server instead.[0m
 * Running on all addresses (0.0.0.0)
 * Running on http://127.0.0.1:5000
 * Running on http://192.168.18.37:5000
2024-12-02 21:18:34 - INFO - [33mPress CTRL+C to quit[0m
2024-12-02 21:18:34 - INFO -  * Restarting with stat
2024-12-02 21:18:34 - WARNING -  * Debugger is active!
2024-12-02 21:18:34 - INFO -  * Debugger PIN: 956-071-961
2024-12-02 21:18:37 - INFO - 127.0.0.1 - - [02/Dec/2024 21:18:37] "POST /auth/createAccount HTTP/1.1" 200 -
2024-12-02 21:18:37 - INFO - 127.0.0.1 - - [02/Dec/2024 21:18:37] "POST /auth/login HTTP/1.1" 200 -
2024-12-02 21:18:37 - INFO - 127.0.0.1 - - [02/Dec/2024 21:18:37] "POST /auth/refresh-token HTTP/1.1" 200 -
2024-12-02 21:18:37 - INFO - 127.0.0.1 - - [02/Dec/2024 21:18:37] "GET /auth/who_am_i HTTP/1.1" 200 -
2024-12-02 21:18:37 - INFO - 127.0.0.1 - - [02/Dec/2024 21:18:37] "GET /auth/who_am_i2 HTTP/1.1" 200 -
2024-12-02 21:20:05 - INFO -  * Detected change in '/home/bardend/PycharmProjects/Send/Flask/Try4/decorators.py', reloading
2024-12-02 21:20:05 - INFO -  * Restarting with stat
2024-12-02 21:20:06 - WARNING -  * Debugger is active!
2024-12-02 21:20:06 - INFO -  * Debugger PIN: 956-071-961
2024-12-02 21:21:40 - INFO -  * Detected change in '/home/bardend/PycharmProjects/Send/Flask/Try4/cliente2.py', reloading
2024-12-02 21:21:40 - INFO -  * Restarting with stat
2024-12-02 21:21:41 - WARNING -  * Debugger is active!
2024-12-02 21:21:41 - INFO -  * Debugger PIN: 956-071-961
2024-12-02 21:22:09 - INFO -  * Detected change in '/home/bardend/PycharmProjects/Send/Flask/Try4/auth.py', reloading
2024-12-02 21:22:09 - INFO -  * Restarting with stat
2024-12-02 21:22:09 - WARNING -  * Debugger is active!
2024-12-02 21:22:09 - INFO -  * Debugger PIN: 956-071-961
2024-12-02 21:22:39 - INFO -  * Detected change in '/home/bardend/PycharmProjects/Send/Flask/Try4/services.py', reloading
2024-12-02 21:22:39 - INFO -  * Restarting with stat
2024-12-02 21:22:39 - WARNING -  * Debugger is active!
2024-12-02 21:22:39 - INFO -  * Debugger PIN: 956-071-961
2024-12-02 21:23:25 - INFO -  * Detected change in '/home/bardend/PycharmProjects/Send/Flask/Try4/auth.py', reloading
2024-12-02 21:23:25 - INFO -  * Restarting with stat
2024-12-02 21:23:25 - WARNING -  * Debugger is active!
2024-12-02 21:23:25 - INFO -  * Debugger PIN: 956-071-961
2024-12-02 21:25:03 - INFO -  * Detected change in '/home/bardend/PycharmProjects/Send/Flask/Try4/auth.py', reloading
2024-12-02 21:25:03 - INFO -  * Restarting with stat
2024-12-02 21:25:03 - WARNING -  * Debugger is active!
2024-12-02 21:25:03 - INFO -  * Debugger PIN: 956-071-961
